Drill Listing
=============
Drill: .01181  Tool: 1  Feed: 95  Speed: 300
X 1054921  Y 1001771
X 1025590  Y 1003937
X 1045275  Y 1003937
X 1054921  Y 1004724
X 1055118  Y 1008661
X 1050590  Y 1020078
X 1025590  Y 1023622
X 1009055  Y 1029724
X 1080708  Y 1023031
X 1065944  Y 1017322
X 1069685  Y 1013188
X 1072834  Y 1013188
X 1058661  Y 1012598
X 1077559  Y 1010236
X 1075787  Y 989566
X 1070669  Y 988976
X 1056496  Y 987401
X 1068700  Y 983070
X 1079330  Y 980511
X 1127952  Y 875984
X 1100590  Y 890944
X 1102362  Y 894094
X 1112204  Y 909251
X 1130708  Y 909645
X 1123622  Y 912204
X 1119291  Y 913582
X 1123673  Y 915227
X 1118700  Y 917322
X 1115944  Y 919685
X 1115354  Y 931889
X 1120078  Y 933070
X 1111023  Y 937401
X 1123228  Y 943307
X 1130708  Y 960629
X 1112007  Y 962401
X 1111417  Y 989370
X 1129724  Y 990944
X 1112401  Y 1004133
X 1080905  Y 1013582
X 1087992  Y 1013779
X 1112401  Y 1020866
X 1131692  Y 1031692
X 1132480  Y 1024212
X 1155708  Y 1022244
X 1154330  Y 1018503
X 1146062  Y 1018110
X 1138188  Y 1017125
X 1134842  Y 1016141
X 1154527  Y 1014960
X 1132086  Y 1013582
X 1135433  Y 1010826
X 1135039  Y 1007677
X 1135629  Y 1003740
X 1131692  Y 1001181
X 1136417  Y 998228
X 1152362  Y 993110
X 1150393  Y 978346
X 1152755  Y 973818
X 1134645  Y 970669
X 1148818  Y 959055
X 1140748  Y 935629
X 1135826  Y 934842
X 1138582  Y 931299
X 1149606  Y 923228
X 1139960  Y 919094
X 1136417  Y 915551
X 1139566  Y 915551
X 1154527  Y 913385
X 1135236  Y 912598
X 1141929  Y 909842
X 1143110  Y 905314
X 1144881  Y 894094
X 1153346  Y 893897
X 1132677  Y 889370
X 1151968  Y 887401
X 1149803  Y 877165
X 1151771  Y 866929
X 1147834  Y 866732
X 1172440  Y 873031
X 1162992  Y 875787
X 1170866  Y 885433
X 1172637  Y 887992
X 1178149  Y 891338
X 1159251  Y 898425
X 1161417  Y 903346
X 1179133  Y 906102
X 1165748  Y 907283
X 1180511  Y 910039
X 1160826  Y 931889
X 1166535  Y 935629
X 1159055  Y 937795
X 1158464  Y 940944
X 1162795  Y 944488
X 1158858  Y 948031
X 1161811  Y 948818
X 1157874  Y 952362
X 1170866  Y 961417
X 1174803  Y 961614
X 1179724  Y 963188
X 1171259  Y 966535
X 1169291  Y 973622
X 1162204  Y 995866
X 1179330  Y 1018110
X 1190944  Y 956889
X 1186220  Y 954527
X 1193110  Y 954133
X 1182283  Y 938582
X 1181692  Y 931299

Drill: .015  Tool: 2  Feed: 95  Speed: 300
X 1092069  Y 885236
X 1093925  Y 888779
X 1095781  Y 892322
X 1097637  Y 895866

Drill: .16142  Tool: 3  Feed: 35  Speed: 1033
X 1113779  Y 878543
X 1005905  Y 999803
X 1195078  Y 989566

End of Listing
