Drill Listing
=============
Drill: .00591  Tool: 1  Feed: 0  Speed: 0
X 407086  Y 364960
X 399803  Y 364960
X 417519  Y 369881
X 406141  Y 370078
X 399212  Y 370275
X 419488  Y 371181
X 413228  Y 373307
X 408031  Y 375511
X 419724  Y 378267
X 410629  Y 381412
X 404409  Y 386062
X 402007  Y 408700
X 417047  Y 410787
X 403700  Y 427559
X 414645  Y 428661
X 412519  Y 446220
X 406062  Y 448110
X 408070  Y 463267
X 442322  Y 418700
X 434763  Y 411771
X 448818  Y 398661
X 428937  Y 379330
X 435748  Y 376535
X 428937  Y 373385
X 430763  Y 373381
X 426102  Y 369448
X 451574  Y 425826

End of Listing
