Drill Listing
=============
Drill: .00591  Tool: 1  Feed: 0  Speed: 0
X 407086  Y 364763
X 399803  Y 364763
X 419488  Y 368897
X 406141  Y 370275
X 399212  Y 370472
X 411692  Y 370826
X 410275  Y 373503
X 418877  Y 378505
X 409842  Y 381377
X 402834  Y 384921
X 417874  Y 413700
X 401653  Y 415078
X 403543  Y 427795
X 416496  Y 432480
X 413346  Y 447440
X 405039  Y 447637
X 408267  Y 462834
X 441850  Y 423543
X 435157  Y 413897
X 427519  Y 386220
X 424409  Y 368897
X 451771  Y 403051
X 451968  Y 429488

End of Listing
