Drill Listing
=============
Drill: .016  Tool: 1  Feed: 95  Speed: 300
X 396062  Y 402755
X 419685  Y 404330
X 413385  Y 405511
X 396062  Y 407480
X 413385  Y 411023
X 417716  Y 412204
X 398425  Y 414173
X 398031  Y 418503
X 400000  Y 429527
X 401181  Y 432677
X 403149  Y 437795
X 403937  Y 444094
X 399212  Y 445275
X 399212  Y 449212
X 403543  Y 449212
X 427165  Y 448818
X 422047  Y 448818
X 427165  Y 444881
X 422440  Y 443700
X 424409  Y 437795
X 425196  Y 432283
X 427559  Y 428740
X 429133  Y 418897
X 428346  Y 414173
X 430708  Y 407480
X 430708  Y 402362
End of Listing
