Drill Listing
=============
Drill: .00984  Tool: 1  Feed: 0  Speed: 0
X 36800  Y 174400
X 36300  Y 248500
X 16000  Y 250100
X 36300  Y 251500
X 35200  Y 261200
X 35200  Y 264400
X 21300  Y 272700
X 30000  Y 280400
X 38200  Y 284900
X 21300  Y 301300
X 30100  Y 312300
X 32900  Y 315500
X 27400  Y 316800
X 40300  Y 375500
X 40400  Y 371100
X 62300  Y 369000
X 51200  Y 337900
X 39800  Y 335600
X 52400  Y 309900
X 48200  Y 309800
X 56800  Y 309800
X 43500  Y 309400
X 52300  Y 305500
X 48200  Y 305500
X 56800  Y 305500
X 52400  Y 301300
X 48200  Y 301200
X 56900  Y 301200
X 41200  Y 298100
X 51500  Y 287300
X 45000  Y 253500
X 56100  Y 243000
X 53100  Y 243000
X 59100  Y 243000
X 56200  Y 234100
X 62800  Y 234100
X 59400  Y 234100
X 53100  Y 234100
X 62800  Y 230600
X 40300  Y 224400
X 45400  Y 218500
X 38500  Y 212000
X 55000  Y 196000
X 61400  Y 176900
X 56200  Y 168700
X 87500  Y 119000
X 74400  Y 165400
X 83500  Y 174400
X 77300  Y 186900
X 76900  Y 195400
X 83600  Y 207800
X 78000  Y 209500
X 87600  Y 210800
X 83300  Y 215100
X 73900  Y 215500
X 85300  Y 218700
X 70900  Y 219600
X 83400  Y 221900
X 78200  Y 225100
X 81200  Y 227000
X 73900  Y 227800
X 71000  Y 232000
X 75400  Y 232000
X 79700  Y 232000
X 71200  Y 239600
X 75300  Y 239600
X 79700  Y 239700
X 85900  Y 244800
X 79700  Y 247200
X 71000  Y 247200
X 75400  Y 247300
X 84000  Y 265800
X 78000  Y 306500
X 83000  Y 307800
X 64300  Y 313000
X 72800  Y 320600
X 69300  Y 328900
X 75100  Y 334700
X 68800  Y 337700
X 69100  Y 341400
X 82500  Y 347300
X 80700  Y 350400
X 71000  Y 356300
X 82000  Y 358400
X 96200  Y 371700
X 104400  Y 365000
X 93700  Y 358400
X 111500  Y 354700
X 101400  Y 350400
X 88400  Y 348100
X 107300  Y 346400
X 103000  Y 313100
X 111500  Y 281800
X 88600  Y 280400
X 91900  Y 259900
X 88600  Y 250400
X 91900  Y 230800
X 100500  Y 230200
X 105500  Y 229000
X 105500  Y 224000
X 109400  Y 223600
X 89300  Y 220700
X 106700  Y 214600
X 91500  Y 211300
X 90500  Y 203400
X 110000  Y 201500
X 90500  Y 194500
X 105500  Y 190200
X 99700  Y 187800
X 90500  Y 187800
X 111500  Y 176100
X 103000  Y 171600
X 102400  Y 152400
X 137000  Y 174600
X 129300  Y 177400
X 122700  Y 187800
X 135700  Y 194700
X 138300  Y 199200
X 135200  Y 206900
X 125000  Y 214600
X 121400  Y 214600
X 123100  Y 220700
X 124800  Y 228900
X 121900  Y 242200
X 125200  Y 245600
X 136300  Y 253700
X 126100  Y 254100
X 120000  Y 254300
X 133100  Y 258000
X 113700  Y 258800
X 113700  Y 268300
X 125000  Y 278000
X 119000  Y 328500
X 127700  Y 335400
X 118900  Y 341200
X 160100  Y 345900
X 157600  Y 342200
X 150700  Y 331500
X 160100  Y 327000
X 144000  Y 326700
X 138800  Y 319500
X 156700  Y 312100
X 160400  Y 281500
X 150000  Y 276600
X 160200  Y 276000
X 143900  Y 275700
X 149100  Y 271800
X 152300  Y 265900
X 153800  Y 257900
X 162300  Y 255100
X 155500  Y 254500
X 160900  Y 246100
X 142100  Y 245700
X 149900  Y 244100
X 139100  Y 242400
X 158100  Y 241800
X 149700  Y 240300
X 138600  Y 237300
X 152400  Y 237200
X 154300  Y 228500
X 140500  Y 228400
X 144100  Y 228000
X 150400  Y 226300
X 157400  Y 225000
X 157400  Y 221400
X 150400  Y 220200
X 155100  Y 212500
X 150100  Y 208900
X 145100  Y 208900
X 141500  Y 208900
X 155100  Y 208000
X 143300  Y 199700
X 156000  Y 199400
X 156600  Y 195800
X 147600  Y 195200
X 138400  Y 192300
X 146500  Y 191600
X 148900  Y 174100
X 146500  Y 171400
X 151300  Y 152400
X 155800  Y 119000
X 168600  Y 202100
X 166700  Y 205300
X 182400  Y 207600
X 182300  Y 211200
X 180100  Y 219500
X 169600  Y 220400
X 176600  Y 220400
X 179100  Y 236500
X 172700  Y 243600
X 183200  Y 250800
X 173400  Y 252000
X 185500  Y 262900
X 173500  Y 267700
X 173400  Y 271600
X 188300  Y 272700
X 179100  Y 281400
X 170900  Y 290800
X 170900  Y 301400
X 183400  Y 325600
X 172900  Y 328800
X 175400  Y 338100
X 167800  Y 352200
X 191500  Y 223300

Drill: .0315  Tool: 2  Feed: 0  Speed: 0
X 78346  Y 285944
X 78346  Y 295944

Drill: .047  Tool: 3  Feed: 0  Speed: 0
X 13779  Y 345000
X 13779  Y 355000

Drill: .05315  Tool: 4  Feed: 0  Speed: 0
X 13385  Y 372775
X 29133  Y 372775
X 170866  Y 372775
X 186614  Y 372775

End of Listing
