Drill Listing
=============
Drill: .00591  Tool: 1  Feed: 0  Speed: 0
X 372047  Y 384251
X 387401  Y 385433
X 382677  Y 386220
X 372047  Y 387007
X 396062  Y 389763
X 393700  Y 393700
X 377165  Y 397637
X 394488  Y 400000
X 389763  Y 401968
X 385039  Y 405511
X 378740  Y 406299
X 373622  Y 409842
X 392913  Y 414960
X 390944  Y 426771
X 396062  Y 433858
X 388582  Y 434251
X 383464  Y 439370
X 398818  Y 422834
X 414173  Y 412204
X 404330  Y 401968
X 410629  Y 401968
X 411811  Y 397244
X 409448  Y 395669
X 415354  Y 385826
X 401574  Y 385039
X 405511  Y 383858

Drill: .07874  Tool: 2  Feed: 81  Speed: 550
X 379921  Y 427165
X 407480  Y 427165

End of Listing
