Drill Listing
=============
Drill: .016  Tool: 1  Feed: 95  Speed: 300
X 31102  Y 75590
X 40157  Y 84645
X 31889  Y 84645
X 31102  Y 88976
X 51574  Y 93307
X 48031  Y 94488
X 47637  Y 107874
X 49212  Y 112598
X 79921  Y 95275
X 72047  Y 87401
X 75590  Y 86614
X 66141  Y 85433
X 70472  Y 75984
X 102362  Y 75984
X 96456  Y 86220
X 100000  Y 87401
X 122440  Y 110236
X 112598  Y 94094
X 106692  Y 87795
X 129133  Y 86220
X 135039  Y 75984
X 154330  Y 85039
X 138188  Y 85433
X 132677  Y 87007
X 145275  Y 92125
X 177952  Y 107086
X 168503  Y 103149
X 161417  Y 103149
X 171653  Y 100393
X 168897  Y 90551
X 169685  Y 84645
X 161811  Y 84645
X 160236  Y 75984

Drill: .07874  Tool: 2  Feed: 81  Speed: 550
X 100000  Y 135433

Drill: .09843  Tool: 3  Feed: 66  Speed: 550
X 100000  Y 149212

End of Listing
